Mar 16 11:44:37  [info] Creating canary table

Mar 16 15:43:10  [info] $Fatal Error Details = Array
(
    [callback] => Array
        (
            [0] => CRM_Core_Error
            [1] => exceptionHandler
        )

    [code] => -5
    [message] => DB Error: already exists
    [mode] => 16
    [debug_info] => INSERT INTO civicrm_dashboard_contact (dashboard_id , contact_id , column_no , is_active ) VALUES ( 1 ,  2 ,  1 ,  1 )  [nativecode=1062 ** Duplicate entry '1-2' for key 'index_dashboard_id_contact_id']
    [type] => DB_Error
    [user_info] => INSERT INTO civicrm_dashboard_contact (dashboard_id , contact_id , column_no , is_active ) VALUES ( 1 ,  2 ,  1 ,  1 )  [nativecode=1062 ** Duplicate entry '1-2' for key 'index_dashboard_id_contact_id']
    [to_string] => [db_error: message="DB Error: already exists" code=-5 mode=callback callback=CRM_Core_Error::exceptionHandler prefix="" info="INSERT INTO civicrm_dashboard_contact (dashboard_id , contact_id , column_no , is_active ) VALUES ( 1 ,  2 ,  1 ,  1 )  [nativecode=1062 ** Duplicate entry '1-2' for key 'index_dashboard_id_contact_id']"]
)


Mar 16 15:43:10  [info] $backTrace = #0 C:\wamp\www\drupal7\sites\all\modules\civicrm\CRM\Core\Error.php(948): CRM_Core_Error::backtrace("backTrace", TRUE)
#1 [internal function](): CRM_Core_Error::exceptionHandler(Object(DB_Error))
#2 C:\wamp\www\drupal7\sites\all\modules\civicrm\packages\PEAR.php(921): call_user_func((Array:2), Object(DB_Error))
#3 C:\wamp\www\drupal7\sites\all\modules\civicrm\packages\DB.php(985): PEAR_Error->__construct("DB Error: already exists", -5, 16, (Array:2), "INSERT INTO civicrm_dashboard_contact (dashboard_id , contact_id , column_no ...")
#4 C:\wamp\www\drupal7\sites\all\modules\civicrm\packages\PEAR.php(575): DB_Error->__construct(-5, 16, (Array:2), "INSERT INTO civicrm_dashboard_contact (dashboard_id , contact_id , column_no ...")
#5 [internal function](): PEAR->_raiseError(Object(DB_mysqli), NULL, -5, NULL, NULL, "INSERT INTO civicrm_dashboard_contact (dashboard_id , contact_id , column_no ...", "DB_Error", TRUE)
#6 C:\wamp\www\drupal7\sites\all\modules\civicrm\packages\PEAR.php(224): call_user_func_array((Array:2), (Array:8))
#7 C:\wamp\www\drupal7\sites\all\modules\civicrm\packages\DB\common.php(1905): PEAR->__call("raiseError", (Array:7))
#8 C:\wamp\www\drupal7\sites\all\modules\civicrm\packages\DB\common.php(1905): PEAR->raiseError(NULL, -5, NULL, NULL, "INSERT INTO civicrm_dashboard_contact (dashboard_id , contact_id , column_no ...", "DB_Error", TRUE)
#9 C:\wamp\www\drupal7\sites\all\modules\civicrm\packages\DB\mysqli.php(933): DB_common->raiseError(-5, NULL, NULL, NULL, "1062 ** Duplicate entry '1-2' for key 'index_dashboard_id_contact_id'")
#10 C:\wamp\www\drupal7\sites\all\modules\civicrm\packages\DB\mysqli.php(403): DB_mysqli->mysqliRaiseError()
#11 C:\wamp\www\drupal7\sites\all\modules\civicrm\packages\DB\common.php(1216): DB_mysqli->simpleQuery("INSERT INTO civicrm_dashboard_contact (dashboard_id , contact_id , column_no ...")
#12 C:\wamp\www\drupal7\sites\all\modules\civicrm\packages\DB\DataObject.php(2446): DB_common->query("INSERT INTO civicrm_dashboard_contact (dashboard_id , contact_id , column_no ...")
#13 C:\wamp\www\drupal7\sites\all\modules\civicrm\packages\DB\DataObject.php(1068): DB_DataObject->_query("INSERT INTO civicrm_dashboard_contact (dashboard_id , contact_id , column_no ...")
#14 C:\wamp\www\drupal7\sites\all\modules\civicrm\CRM\Core\DAO.php(525): DB_DataObject->insert()
#15 C:\wamp\www\drupal7\sites\all\modules\civicrm\api\v3\utils.php(1355): CRM_Core_DAO->save()
#16 C:\wamp\www\drupal7\sites\all\modules\civicrm\api\v3\utils.php(1297): _civicrm_api3_basic_create_fallback("CRM_Contact_BAO_DashboardContact", (Array:5))
#17 C:\wamp\www\drupal7\sites\all\modules\civicrm\api\v3\DashboardContact.php(54): _civicrm_api3_basic_create("CRM_Contact_BAO_DashboardContact", (Array:5))
#18 C:\wamp\www\drupal7\sites\all\modules\civicrm\Civi\API\Provider\MagicFunctionProvider.php(89): civicrm_api3_dashboard_contact_create((Array:5))
#19 C:\wamp\www\drupal7\sites\all\modules\civicrm\Civi\API\Kernel.php(169): Civi\API\Provider\MagicFunctionProvider->invoke((Array:9))
#20 C:\wamp\www\drupal7\sites\all\modules\civicrm\Civi\API\Kernel.php(100): Civi\API\Kernel->runRequest((Array:7))
#21 C:\wamp\www\drupal7\sites\all\modules\civicrm\api\api.php(43): Civi\API\Kernel->runSafe("dashboard_contact", "create", (Array:5))
#22 C:\wamp\www\drupal7\sites\all\modules\civicrm\CRM\Core\BAO\Dashboard.php(210): civicrm_api3("dashboard_contact", "create", (Array:4))
#23 C:\wamp\www\drupal7\sites\all\modules\civicrm\CRM\Core\BAO\Dashboard.php(146): CRM_Core_BAO_Dashboard::initializeDashlets()
#24 C:\wamp\www\drupal7\sites\all\modules\civicrm\CRM\Core\BAO\Dashboard.php(158): CRM_Core_BAO_Dashboard::getContactDashlets()
#25 C:\wamp\www\drupal7\sites\all\modules\civicrm\CRM\Contact\Page\DashBoard.php(47): CRM_Core_BAO_Dashboard::getContactDashletsForJS()
#26 C:\wamp\www\drupal7\sites\all\modules\civicrm\CRM\Core\Invoke.php(309): CRM_Contact_Page_DashBoard->run((Array:1), NULL)
#27 C:\wamp\www\drupal7\sites\all\modules\civicrm\CRM\Core\Invoke.php(84): CRM_Core_Invoke::runItem((Array:13))
#28 C:\wamp\www\drupal7\sites\all\modules\civicrm\CRM\Core\Invoke.php(52): CRM_Core_Invoke::_invoke((Array:1))
#29 C:\wamp\www\drupal7\sites\all\modules\civicrm\drupal\civicrm.module(445): CRM_Core_Invoke::invoke((Array:1))
#30 [internal function](): civicrm_invoke()
#31 C:\wamp\www\drupal7\includes\menu.inc(501): call_user_func_array("civicrm_invoke", (Array:0))
#32 C:\wamp\www\drupal7\index.php(22): menu_execute_active_handler()
#33 {main}


Mar 16 15:43:10  [info] 
$Fatal Error Details = <pre class='xdebug-var-dump' dir='ltr'>
<small>C:\wamp\www\drupal7\sites\all\modules\civicrm\CRM\Core\Error.php:563:</small>
<b>array</b> <i>(size=3)</i>
  'message' <font color='#888a85'>=&gt;</font> <small>string</small> <font color='#cc0000'>'DB Error: already exists'</font> <i>(length=24)</i>
  'code' <font color='#888a85'>=&gt;</font> <font color='#3465a4'>null</font>
  'exception' <font color='#888a85'>=&gt;</font> 
    <b>object</b>(<i>CiviCRM_API3_Exception</i>)[<i>158</i>]
      <i>private</i> 'extraParams' <font color='#888a85'>=&gt;</font> 
        <b>array</b> <i>(size=6)</i>
          'error_code' <font color='#888a85'>=&gt;</font> <small>string</small> <font color='#cc0000'>'already exists'</font> <i>(length=14)</i>
          'sql' <font color='#888a85'>=&gt;</font> <small>string</small> <font color='#cc0000'>'INSERT INTO civicrm_dashboard_contact (dashboard_id , contact_id , column_no , is_active ) VALUES ( 1 ,  2 ,  1 ,  1 )  [nativecode=1062 ** Duplicate entry &#39;1-2&#39; for key &#39;index_dashboard_id_contact_id&#39;]'</font> <i>(length=202)</i>
          'tip' <font color='#888a85'>=&gt;</font> <small>string</small> <font color='#cc0000'>'add debug=1 to your API call to have more info about the error'</font> <i>(length=62)</i>
          'is_error' <font color='#888a85'>=&gt;</font> <small>int</small> <font color='#4e9a06'>1</font>
          'error_message' <font color='#888a85'>=&gt;</font> <small>string</small> <font color='#cc0000'>'DB Error: already exists'</font> <i>(length=24)</i>
          'debug_information' <font color='#888a85'>=&gt;</font> <small>string</small> <font color='#cc0000'>'INSERT INTO civicrm_dashboard_contact (dashboard_id , contact_id , column_no , is_active ) VALUES ( 1 ,  2 ,  1 ,  1 )  [nativecode=1062 ** Duplicate entry &#39;1-2&#39; for key &#39;index_dashboard_id_contact_id&#39;]'</font> <i>(length=202)</i>
      <i>protected</i> 'message' <font color='#888a85'>=&gt;</font> <small>string</small> <font color='#cc0000'>'DB Error: already exists'</font> <i>(length=24)</i>
      <i>private</i> 'string' <small>(Exception)</small> <font color='#888a85'>=&gt;</font> <small>string</small> <font color='#cc0000'>''</font> <i>(length=0)</i>
      <i>protected</i> 'code' <font color='#888a85'>=&gt;</font> <small>int</small> <font color='#4e9a06'>0</font>
      <i>protected</i> 'file' <font color='#888a85'>=&gt;</font> <small>string</small> <font color='#cc0000'>'C:\wamp\www\drupal7\sites\all\modules\civicrm\api\api.php'</font> <i>(length=57)</i>
      <i>protected</i> 'line' <font color='#888a85'>=&gt;</font> <small>int</small> <font color='#4e9a06'>45</font>
      <i>private</i> 'trace' <small>(Exception)</small> <font color='#888a85'>=&gt;</font> 
        <b>array</b> <i>(size=11)</i>
          0 <font color='#888a85'>=&gt;</font> 
            <b>array</b> <i>(size=4)</i>
              ...
          1 <font color='#888a85'>=&gt;</font> 
            <b>array</b> <i>(size=6)</i>
              ...
          2 <font color='#888a85'>=&gt;</font> 
            <b>array</b> <i>(size=6)</i>
              ...
          3 <font color='#888a85'>=&gt;</font> 
            <b>array</b> <i>(size=6)</i>
              ...
          4 <font color='#888a85'>=&gt;</font> 
            <b>array</b> <i>(size=6)</i>
              ...
          5 <font color='#888a85'>=&gt;</font> 
            <b>array</b> <i>(size=6)</i>
              ...
          6 <font color='#888a85'>=&gt;</font> 
            <b>array</b> <i>(size=6)</i>
              ...
          7 <font color='#888a85'>=&gt;</font> 
            <b>array</b> <i>(size=6)</i>
              ...
          8 <font color='#888a85'>=&gt;</font> 
            <b>array</b> <i>(size=2)</i>
              ...
          9 <font color='#888a85'>=&gt;</font> 
            <b>array</b> <i>(size=4)</i>
              ...
          10 <font color='#888a85'>=&gt;</font> 
            <b>array</b> <i>(size=4)</i>
              ...
      <i>private</i> 'previous' <small>(Exception)</small> <font color='#888a85'>=&gt;</font> <font color='#3465a4'>null</font>
      <i>public</i> 'xdebug_message' <font color='#888a85'>=&gt;</font> <small>string</small> <font color='#cc0000'>'&lt;tr&gt;&lt;th align=&#39;left&#39; bgcolor=&#39;#f57900&#39; colspan=&quot;5&quot;&gt;&lt;span style=&#39;background-color: #cc0000; color: #fce94f; font-size: x-large;&#39;&gt;( ! )&lt;/span&gt; CiviCRM_API3_Exception: DB Error: already exists in C:\wamp\www\drupal7\sites\all\modules\civicrm\api\api.php on line &lt;i&gt;45&lt;/i&gt;&lt;/th&gt;&lt;/tr&gt;&#10;&lt;tr&gt;&lt;th align=&#39;left&#39; bgcolor=&#39;#e9b96e&#39; colspan=&#39;5&#39;&gt;Call Stack&lt;/th&gt;&lt;/tr&gt;&#10;&lt;tr&gt;&lt;th align=&#39;center&#39; bgcolor=&#39;#eeeeec&#39;&gt;#&lt;/th&gt;&lt;th align=&#39;left&#39; bgcolor=&#39;#eeeeec&#39;&gt;Time&lt;/th&gt;&lt;th align=&#39;left&#39; bgcolor=&#39;#eeeeec&#39;&gt;Memory&lt;/th&gt;&lt;th align=&#39;left&#39; bgcolor'...</font> <i>(length=4663)</i>
</pre>

Mar 16 15:43:10  [info] $backTrace = #0 C:\wamp\www\drupal7\sites\all\modules\civicrm\CRM\Core\Error.php(459): CRM_Core_Error::backtrace("backTrace", TRUE)
#1 C:\wamp\www\drupal7\sites\all\modules\civicrm\CRM\Core\Invoke.php(55): CRM_Core_Error::handleUnhandledException(Object(CiviCRM_API3_Exception))
#2 C:\wamp\www\drupal7\sites\all\modules\civicrm\drupal\civicrm.module(445): CRM_Core_Invoke::invoke((Array:1))
#3 [internal function](): civicrm_invoke()
#4 C:\wamp\www\drupal7\includes\menu.inc(501): call_user_func_array("civicrm_invoke", (Array:0))
#5 C:\wamp\www\drupal7\index.php(22): menu_execute_active_handler()
#6 {main}


Mar 16 16:16:53  [error] Configured geocoder is invalid, must provide a format method
Array
(
    [geocode_class] => 
)


Mar 16 16:17:22  [error] Configured geocoder is invalid, must provide a format method
Array
(
    [geocode_class] => 
)


Mar 16 16:18:03  [error] Configured geocoder is invalid, must provide a format method
Array
(
    [geocode_class] => 
)


Mar 16 16:18:42  [error] Configured geocoder is invalid, must provide a format method
Array
(
    [geocode_class] => 
)


Mar 16 16:19:10  [error] Configured geocoder is invalid, must provide a format method
Array
(
    [geocode_class] => 
)


Mar 16 16:19:31  [error] Configured geocoder is invalid, must provide a format method
Array
(
    [geocode_class] => 
)


Mar 16 16:20:19  [info] Ignoring exception thrown by nullHandler: , mail() returned failure

Mar 16 16:20:19  [info] $backTrace = #0 C:\wamp\www\drupal7\sites\all\modules\civicrm\CRM\Core\Error.php(962): CRM_Core_Error::backtrace("backTrace", TRUE)
#1 [internal function](): CRM_Core_Error::nullHandler(Object(PEAR_Error))
#2 C:\wamp\www\drupal7\sites\all\modules\civicrm\packages\PEAR.php(921): call_user_func((Array:2), Object(PEAR_Error))
#3 C:\wamp\www\drupal7\sites\all\modules\civicrm\packages\PEAR.php(577): PEAR_Error->__construct("mail() returned failure", NULL, 16, (Array:2), NULL)
#4 [internal function](): PEAR::_raiseError(NULL, "mail() returned failure")
#5 C:\wamp\www\drupal7\sites\all\modules\civicrm\packages\PEAR.php(237): call_user_func_array((Array:2), (Array:2))
#6 C:\wamp\www\drupal7\sites\all\modules\civicrm\packages\Mail\mail.php(175): PEAR::__callStatic("raiseError", (Array:1))
#7 C:\wamp\www\drupal7\sites\all\modules\civicrm\packages\Mail\mail.php(175): PEAR::raiseError("mail() returned failure")
#8 C:\wamp\www\drupal7\sites\all\modules\civicrm\CRM\Utils\Mail.php(292): Mail_mail->send((Array:1), (Array:11), "--=_24d2e6f762ff2e0d2259db6a05a08ccb\nContent-Transfer-Encoding: 8bit\nConten...")
#9 C:\wamp\www\drupal7\sites\all\modules\civicrm\CRM\Core\BAO\MessageTemplate.php(567): CRM_Utils_Mail::send((Array:17))
#10 C:\wamp\www\drupal7\sites\all\modules\civicrm\CRM\Case\BAO\Case.php(1409): CRM_Core_BAO_MessageTemplate::sendTemplate((Array:8))
#11 C:\wamp\www\drupal7\sites\all\modules\civicrm\CRM\Activity\BAO\Activity.php(3133): CRM_Case_BAO_Case::sendActivityCopy(NULL, 1, (Array:1), (Array:0), NULL)
#12 C:\wamp\www\drupal7\sites\all\modules\civicrm\CRM\Activity\Form\Activity.php(1108): CRM_Activity_BAO_Activity::sendToAssignee(Object(CRM_Activity_DAO_Activity), (Array:1))
#13 C:\wamp\www\drupal7\sites\all\modules\civicrm\CRM\Activity\Form\Activity.php(972): CRM_Activity_Form_Activity->processActivity((Array:36))
#14 C:\wamp\www\drupal7\sites\all\modules\civicrm\CRM\Core\Form.php(447): CRM_Activity_Form_Activity->postProcess()
#15 C:\wamp\www\drupal7\sites\all\modules\civicrm\CRM\Core\QuickForm\Action\Upload.php(169): CRM_Core_Form->mainProcess()
#16 C:\wamp\www\drupal7\sites\all\modules\civicrm\CRM\Core\QuickForm\Action\Upload.php(136): CRM_Core_QuickForm_Action_Upload->realPerform(Object(CRM_Activity_Form_Activity), "upload")
#17 C:\wamp\www\drupal7\sites\all\modules\civicrm\packages\HTML\QuickForm\Controller.php(203): CRM_Core_QuickForm_Action_Upload->perform(Object(CRM_Activity_Form_Activity), "upload")
#18 C:\wamp\www\drupal7\sites\all\modules\civicrm\packages\HTML\QuickForm\Page.php(103): HTML_QuickForm_Controller->handle(Object(CRM_Activity_Form_Activity), "upload")
#19 C:\wamp\www\drupal7\sites\all\modules\civicrm\CRM\Core\Controller.php(351): HTML_QuickForm_Page->handle("upload")
#20 C:\wamp\www\drupal7\sites\all\modules\civicrm\CRM\Utils\Wrapper.php(113): CRM_Core_Controller->run()
#21 C:\wamp\www\drupal7\sites\all\modules\civicrm\CRM\Core\Invoke.php(283): CRM_Utils_Wrapper->run("CRM_Activity_Form_Activity", "New Activity", (Array:1))
#22 C:\wamp\www\drupal7\sites\all\modules\civicrm\CRM\Core\Invoke.php(84): CRM_Core_Invoke::runItem((Array:14))
#23 C:\wamp\www\drupal7\sites\all\modules\civicrm\CRM\Core\Invoke.php(52): CRM_Core_Invoke::_invoke((Array:2))
#24 C:\wamp\www\drupal7\sites\all\modules\civicrm\drupal\civicrm.module(445): CRM_Core_Invoke::invoke((Array:2))
#25 [internal function](): civicrm_invoke("activity")
#26 C:\wamp\www\drupal7\includes\menu.inc(501): call_user_func_array("civicrm_invoke", (Array:1))
#27 C:\wamp\www\drupal7\index.php(22): menu_execute_active_handler()
#28 {main}


Mar 16 16:28:56  [error] Configured geocoder is invalid, must provide a format method
Array
(
    [geocode_class] => 
)


Mar 16 16:29:29  [error] Configured geocoder is invalid, must provide a format method
Array
(
    [geocode_class] => 
)


Mar 16 16:29:45  [error] Configured geocoder is invalid, must provide a format method
Array
(
    [geocode_class] => 
)


Mar 16 16:29:48  [error] Configured geocoder is invalid, must provide a format method
Array
(
    [geocode_class] => 
)


